completed=14 pending=86 workers=2
[1/86] g0_b08_e04 g=0.90 b=1.777778 e=0.150000 violations=0 tx=0 gap=0.639 stop=max_time
[2/86] g0_b08_e05 g=0.90 b=1.777778 e=0.180000 violations=0 tx=0 gap=0.6274 stop=max_time
[3/86] g0_b08_e06 g=0.90 b=1.777778 e=0.210000 violations=0 tx=0 gap=0.625 stop=max_time
[4/86] g0_b08_e07 g=0.90 b=1.777778 e=0.240000 violations=0 tx=0 gap=0.5529 stop=max_time
[5/86] g0_b08_e08 g=0.90 b=1.777778 e=0.270000 violations=0 tx=0 gap=0.5413 stop=max_time
[6/86] g0_b08_e09 g=0.90 b=1.777778 e=0.300000 violations=0 tx=0 gap=0.5345 stop=max_time
[7/86] g0_b07_e01 g=0.90 b=1.555556 e=0.060000 violations=0 tx=0 gap=1.279 stop=max_time
[8/86] g0_b07_e00 g=0.90 b=1.555556 e=0.030000 violations=0 tx=0 gap=1.22 stop=max_time
[9/86] g0_b07_e03 g=0.90 b=1.555556 e=0.120000 violations=0 tx=0 gap=1.221 stop=max_time
[10/86] g0_b07_e02 g=0.90 b=1.555556 e=0.090000 violations=0 tx=0 gap=1.23 stop=max_time
[11/86] g0_b07_e04 g=0.90 b=1.555556 e=0.150000 violations=0 tx=0 gap=1.261 stop=max_time
[12/86] g0_b07_e05 g=0.90 b=1.555556 e=0.180000 violations=0 tx=0 gap=1.167 stop=max_time
[13/86] g0_b07_e06 g=0.90 b=1.555556 e=0.210000 violations=0 tx=0 gap=1.037 stop=max_time
[14/86] g0_b07_e07 g=0.90 b=1.555556 e=0.240000 violations=0 tx=0 gap=0.7731 stop=max_time
[15/86] g0_b07_e08 g=0.90 b=1.555556 e=0.270000 violations=0 tx=0 gap=0.7547 stop=max_time
[16/86] g0_b07_e09 g=0.90 b=1.555556 e=0.300000 violations=0 tx=0 gap=0.7363 stop=max_time
[17/86] g0_b06_e01 g=0.90 b=1.333333 e=0.060000 violations=0 tx=0 gap=1.321 stop=max_time
[18/86] g0_b06_e00 g=0.90 b=1.333333 e=0.030000 violations=0 tx=0 gap=1.274 stop=max_time
[19/86] g0_b06_e02 g=0.90 b=1.333333 e=0.090000 violations=0 tx=0 gap=1.299 stop=max_time
[20/86] g0_b06_e03 g=0.90 b=1.333333 e=0.120000 violations=0 tx=0 gap=1.266 stop=max_time
[21/86] g0_b06_e04 g=0.90 b=1.333333 e=0.150000 violations=0 tx=0 gap=1.334 stop=max_time
[22/86] g0_b06_e05 g=0.90 b=1.333333 e=0.180000 violations=0 tx=0 gap=1.318 stop=max_time
[23/86] g0_b06_e06 g=0.90 b=1.333333 e=0.210000 violations=0 tx=0 gap=1.288 stop=max_time
[24/86] g0_b06_e07 g=0.90 b=1.333333 e=0.240000 violations=0 tx=0 gap=1.28 stop=max_time
[25/86] g0_b06_e08 g=0.90 b=1.333333 e=0.270000 violations=0 tx=0 gap=1.197 stop=max_time
[26/86] g0_b06_e09 g=0.90 b=1.333333 e=0.300000 violations=0 tx=0 gap=1.183 stop=max_time
[27/86] g0_b05_e00 g=0.90 b=1.111111 e=0.030000 violations=0 tx=0.1856 gap=1.382 stop=max_time
[28/86] g0_b05_e01 g=0.90 b=1.111111 e=0.060000 violations=0 tx=0.1856 gap=1.274 stop=max_time
[29/86] g0_b05_e02 g=0.90 b=1.111111 e=0.090000 violations=0 tx=0.1297 gap=1.347 stop=max_time
[30/86] g0_b05_e03 g=0.90 b=1.111111 e=0.120000 violations=0 tx=0.1297 gap=1.461 stop=max_time
[31/86] g0_b05_e04 g=0.90 b=1.111111 e=0.150000 violations=0 tx=0 gap=1.264 stop=max_time
[32/86] g0_b05_e05 g=0.90 b=1.111111 e=0.180000 violations=0 tx=0 gap=1.456 stop=max_time
[33/86] g0_b05_e06 g=0.90 b=1.111111 e=0.210000 violations=0 tx=0 gap=1.374 stop=max_time
[34/86] g0_b05_e07 g=0.90 b=1.111111 e=0.240000 violations=0 tx=0 gap=1.438 stop=max_time
[35/86] g0_b05_e08 g=0.90 b=1.111111 e=0.270000 violations=0 tx=0 gap=1.291 stop=max_time
[36/86] g0_b05_e09 g=0.90 b=1.111111 e=0.300000 violations=0 tx=0 gap=1.301 stop=max_time
[37/86] g0_b04_e00 g=0.90 b=0.888889 e=0.030000 violations=0 tx=0.6425 gap=1.037 stop=max_time
[38/86] g0_b04_e01 g=0.90 b=0.888889 e=0.060000 violations=0 tx=0.4155 gap=1.015 stop=max_time
[39/86] g0_b04_e02 g=0.90 b=0.888889 e=0.090000 violations=0 tx=0.4168 gap=0.9445 stop=max_time
[40/86] g0_b04_e03 g=0.90 b=0.888889 e=0.120000 violations=0 tx=0.3474 gap=1.145 stop=max_time
[41/86] g0_b04_e04 g=0.90 b=0.888889 e=0.150000 violations=0 tx=0.3519 gap=1.194 stop=max_time
[42/86] g0_b04_e05 g=0.90 b=0.888889 e=0.180000 violations=0 tx=0.1855 gap=1.181 stop=max_time
[43/86] g0_b04_e06 g=0.90 b=0.888889 e=0.210000 violations=0 tx=0.1855 gap=1.128 stop=max_time
[44/86] g0_b04_e07 g=0.90 b=0.888889 e=0.240000 violations=0 tx=0.1398 gap=1.253 stop=max_time
[45/86] g0_b04_e08 g=0.90 b=0.888889 e=0.270000 violations=0 tx=0.1295 gap=1.253 stop=max_time
[46/86] g0_b04_e09 g=0.90 b=0.888889 e=0.300000 violations=0 tx=0.02679 gap=1.3 stop=max_time
[47/86] g0_b03_e01 g=0.90 b=0.666667 e=0.060000 violations=0 tx=1.309 gap=0.9734 stop=max_time
[48/86] g0_b03_e00 g=0.90 b=0.666667 e=0.030000 violations=0 tx=1.288 gap=0.9182 stop=max_time
[49/86] g0_b03_e02 g=0.90 b=0.666667 e=0.090000 violations=0 tx=0.9254 gap=0.9466 stop=max_time
[50/86] g0_b03_e03 g=0.90 b=0.666667 e=0.120000 violations=0 tx=0.9291 gap=1.019 stop=max_time
[51/86] g0_b03_e04 g=0.90 b=0.666667 e=0.150000 violations=0 tx=0.8728 gap=1.037 stop=max_time
[52/86] g0_b03_e05 g=0.90 b=0.666667 e=0.180000 violations=0 tx=0.8591 gap=1.132 stop=max_time
[53/86] g0_b03_e07 g=0.90 b=0.666667 e=0.240000 violations=0 tx=0.8464 gap=1.127 stop=max_time
[54/86] g0_b03_e06 g=0.90 b=0.666667 e=0.210000 violations=0 tx=0.8484 gap=1.11 stop=max_time
[55/86] g0_b03_e08 g=0.90 b=0.666667 e=0.270000 violations=0 tx=0.6648 gap=1.124 stop=max_time
[56/86] g0_b03_e09 g=0.90 b=0.666667 e=0.300000 violations=0 tx=0.461 gap=1.324 stop=max_time
[57/86] g0_b02_e00 g=0.90 b=0.444444 e=0.030000 violations=0 tx=2.561 gap=0.4597 stop=max_time
[58/86] g0_b02_e01 g=0.90 b=0.444444 e=0.060000 violations=0 tx=2.576 gap=0.568 stop=max_time
[59/86] g0_b02_e02 g=0.90 b=0.444444 e=0.090000 violations=0 tx=2.592 gap=0.6234 stop=max_time
[60/86] g0_b02_e03 g=0.90 b=0.444444 e=0.120000 violations=0 tx=2.607 gap=0.6926 stop=max_time
[61/86] g0_b02_e04 g=0.90 b=0.444444 e=0.150000 violations=0 tx=2.624 gap=0.7747 stop=max_time
[62/86] g0_b02_e05 g=0.90 b=0.444444 e=0.180000 violations=0 tx=2.641 gap=0.8581 stop=max_time
[63/86] g0_b02_e06 g=0.90 b=0.444444 e=0.210000 violations=0 tx=2.658 gap=0.8233 stop=max_time
[64/86] g0_b02_e07 g=0.90 b=0.444444 e=0.240000 violations=0 tx=2.634 gap=0.9336 stop=max_time
[65/86] g0_b02_e09 g=0.90 b=0.444444 e=0.300000 violations=0 tx=2.06 gap=1.08 stop=max_time
[66/86] g0_b02_e08 g=0.90 b=0.444444 e=0.270000 violations=0 tx=2.624 gap=1.009 stop=max_time
[67/86] g0_b01_e00 g=0.90 b=0.222222 e=0.030000 violations=0 tx=2.561 gap=0.02282 stop=max_time
[68/86] g0_b01_e01 g=0.90 b=0.222222 e=0.060000 violations=0 tx=2.576 gap=0.1138 stop=max_time
[69/86] g0_b01_e02 g=0.90 b=0.222222 e=0.090000 violations=0 tx=2.592 gap=0.159 stop=max_time
[70/86] g0_b01_e03 g=0.90 b=0.222222 e=0.120000 violations=0 tx=2.607 gap=0.2368 stop=max_time
[71/86] g0_b01_e04 g=0.90 b=0.222222 e=0.150000 violations=0 tx=2.624 gap=0.3158 stop=max_time
[72/86] g0_b01_e05 g=0.90 b=0.222222 e=0.180000 violations=0 tx=2.641 gap=0.3769 stop=max_time
[73/86] g0_b01_e06 g=0.90 b=0.222222 e=0.210000 violations=0 tx=2.658 gap=0.4196 stop=max_time
[74/86] g0_b01_e07 g=0.90 b=0.222222 e=0.240000 violations=65 tx=3.308 gap=0.4846 stop=max_time
[75/86] g0_b01_e08 g=0.90 b=0.222222 e=0.270000 violations=71 tx=3.351 gap=0.516 stop=max_time
[76/86] g0_b01_e09 g=0.90 b=0.222222 e=0.300000 violations=86 tx=3.394 gap=0.5878 stop=max_time
[77/86] g0_b00_e00 g=0.90 b=0.000000 e=0.030000 violations=87 tx=7.792 gap=0.01094 stop=precision
[78/86] g0_b00_e01 g=0.90 b=0.000000 e=0.060000 violations=37 tx=3.276 gap=0.01001 stop=precision
[79/86] g0_b00_e02 g=0.90 b=0.000000 e=0.090000 violations=45 tx=3.308 gap=0.01084 stop=precision
[80/86] g0_b00_e03 g=0.90 b=0.000000 e=0.120000 violations=2 tx=3.34 gap=0.0105 stop=precision
[81/86] g0_b00_e04 g=0.90 b=0.000000 e=0.150000 violations=98 tx=9 gap=0.01082 stop=precision
[82/86] g0_b00_e05 g=0.90 b=0.000000 e=0.180000 violations=119 tx=9 gap=0.0139 stop=max_time
[83/86] g0_b00_e06 g=0.90 b=0.000000 e=0.210000 violations=131 tx=9 gap=0.0235 stop=max_time
[84/86] g0_b00_e07 g=0.90 b=0.000000 e=0.240000 violations=132 tx=9 gap=0.0385 stop=max_time
[85/86] g0_b00_e08 g=0.90 b=0.000000 e=0.270000 violations=153 tx=9 gap=0.06017 stop=max_time
[86/86] g0_b00_e09 g=0.90 b=0.000000 e=0.300000 violations=144 tx=8.999 gap=0.09114 stop=max_time
