completed=0 pending=100 workers=2
next=g0_b09_e00,g0_b06_e00,g0_b09_e09,g0_b06_e09,g0_b09_e01,g0_b09_e02,g0_b09_e03,g0_b09_e04
[1/100] g0_b09_e00 b=2.000000 e=0.030000 tx=0 gap=0.03499 init=186.76s stop=max_time
[2/100] g0_b06_e00 b=1.333333 e=0.030000 tx=0 gap=0.37 init=193.98s stop=max_time
[3/100] g0_b09_e09 b=2.000000 e=0.300000 tx=0 gap=0.01111 init=99.81s stop=precision
[4/100] g0_b06_e09 b=1.333333 e=0.300000 tx=0 gap=0.1199 init=98.50s stop=max_time
[5/100] g0_b09_e01 b=2.000000 e=0.060000 tx=0 gap=0.01109 init=110.92s stop=precision
[6/100] g0_b09_e02 b=2.000000 e=0.090000 tx=0 gap=0.01108 init=108.95s stop=precision
[7/100] g0_b09_e03 b=2.000000 e=0.120000 tx=0 gap=0.01111 init=95.25s stop=precision
[8/100] g0_b09_e04 b=2.000000 e=0.150000 tx=0 gap=0.01109 init=96.85s stop=precision
[9/100] g0_b09_e05 b=2.000000 e=0.180000 tx=0 gap=0.01109 init=94.68s stop=precision
[10/100] g0_b09_e06 b=2.000000 e=0.210000 tx=0 gap=0.0111 init=108.67s stop=precision
[11/100] g0_b09_e07 b=2.000000 e=0.240000 tx=0 gap=0.01421 init=210.74s stop=max_time
[12/100] g0_b09_e08 b=2.000000 e=0.270000 tx=0 gap=0.01109 init=185.05s stop=precision
[13/100] g0_b08_e00 b=1.777778 e=0.030000 tx=0 gap=0.07319 init=155.53s stop=max_time
[14/100] g0_b08_e01 b=1.777778 e=0.060000 tx=0 gap=0.05687 init=153.14s stop=max_time
[15/100] g0_b08_e02 b=1.777778 e=0.090000 tx=0 gap=0.03153 init=104.96s stop=max_time
[16/100] g0_b08_e03 b=1.777778 e=0.120000 tx=0 gap=0.02672 init=86.57s stop=max_time
[17/100] g0_b08_e04 b=1.777778 e=0.150000 tx=0 gap=0.02079 init=85.03s stop=max_time
[18/100] g0_b08_e05 b=1.777778 e=0.180000 tx=0 gap=0.01562 init=82.25s stop=max_time
[19/100] g0_b08_e06 b=1.777778 e=0.210000 tx=0 gap=0.0146 init=82.19s stop=max_time
[20/100] g0_b08_e07 b=1.777778 e=0.240000 tx=0 gap=0.01106 init=79.70s stop=precision
[21/100] g0_b08_e08 b=1.777778 e=0.270000 tx=0 gap=0.0111 init=89.14s stop=precision
[22/100] g0_b08_e09 b=1.777778 e=0.300000 tx=0 gap=0.0111 init=86.42s stop=precision
[23/100] g0_b07_e00 b=1.555556 e=0.030000 tx=0 gap=0.1224 init=81.27s stop=max_time
[24/100] g0_b07_e01 b=1.555556 e=0.060000 tx=0 gap=0.1038 init=78.17s stop=max_time
[25/100] g0_b07_e02 b=1.555556 e=0.090000 tx=0 gap=0.0926 init=81.46s stop=max_time
[26/100] g0_b07_e03 b=1.555556 e=0.120000 tx=0 gap=0.08286 init=78.96s stop=max_time
[27/100] g0_b07_e04 b=1.555556 e=0.150000 tx=0 gap=0.08535 init=81.97s stop=max_time
[28/100] g0_b07_e05 b=1.555556 e=0.180000 tx=0 gap=0.07239 init=78.69s stop=max_time
[29/100] g0_b07_e06 b=1.555556 e=0.210000 tx=0 gap=0.06627 init=90.26s stop=max_time
[30/100] g0_b07_e07 b=1.555556 e=0.240000 tx=0 gap=0.0586 init=85.05s stop=max_time
[31/100] g0_b07_e08 b=1.555556 e=0.270000 tx=0 gap=0.04318 init=79.17s stop=max_time
[32/100] g0_b07_e09 b=1.555556 e=0.300000 tx=0 gap=0.03371 init=77.01s stop=max_time
[33/100] g0_b06_e01 b=1.333333 e=0.060000 tx=0 gap=0.2287 init=80.70s stop=max_time
[34/100] g0_b06_e02 b=1.333333 e=0.090000 tx=0 gap=0.2182 init=77.52s stop=max_time
[35/100] g0_b06_e03 b=1.333333 e=0.120000 tx=0 gap=0.2085 init=82.05s stop=max_time
[36/100] g0_b06_e04 b=1.333333 e=0.150000 tx=0 gap=0.1907 init=76.04s stop=max_time
[37/100] g0_b06_e05 b=1.333333 e=0.180000 tx=0 gap=0.1652 init=81.55s stop=max_time
[38/100] g0_b06_e06 b=1.333333 e=0.210000 tx=0 gap=0.1471 init=78.08s stop=max_time
[39/100] g0_b06_e07 b=1.333333 e=0.240000 tx=0 gap=0.1305 init=79.67s stop=max_time
[40/100] g0_b06_e08 b=1.333333 e=0.270000 tx=0 gap=0.1138 init=77.51s stop=max_time
[41/100] g0_b05_e00 b=1.111111 e=0.030000 tx=0.1856 gap=0.3784 init=79.41s stop=max_time
[42/100] g0_b05_e01 b=1.111111 e=0.060000 tx=0.1856 gap=0.3792 init=75.68s stop=max_time
[43/100] g0_b05_e02 b=1.111111 e=0.090000 tx=0.1297 gap=0.4043 init=78.62s stop=max_time
[44/100] g0_b05_e03 b=1.111111 e=0.120000 tx=0.1297 gap=0.3668 init=75.72s stop=max_time
[45/100] g0_b05_e04 b=1.111111 e=0.150000 tx=0 gap=0.4667 init=81.41s stop=max_time
[46/100] g0_b05_e05 b=1.111111 e=0.180000 tx=0 gap=0.4875 init=77.41s stop=max_time
[47/100] g0_b05_e06 b=1.111111 e=0.210000 tx=0 gap=0.5427 init=239.86s stop=max_time
[48/100] g0_b05_e07 b=1.111111 e=0.240000 tx=0 gap=0.4875 init=235.02s stop=max_time
[49/100] g0_b05_e09 b=1.111111 e=0.300000 tx=0 gap=0.7947 init=1345.84s stop=max_time
[50/100] g0_b05_e08 b=1.111111 e=0.270000 tx=0 gap=0.8189 init=1345.39s stop=max_time
[51/100] g0_b04_e00 b=0.888889 e=0.030000 tx=0.6425 gap=0.9085 init=3815.03s stop=max_time
[52/100] g0_b04_e01 b=0.888889 e=0.060000 tx=0.4155 gap=0.923 init=3815.63s stop=max_time
[53/100] g0_b04_e02 b=0.888889 e=0.090000 tx=0.4168 gap=0.6849 init=1672.49s stop=max_time
[54/100] g0_b04_e03 b=0.888889 e=0.120000 tx=0.3474 gap=0.7053 init=1676.00s stop=max_time
[55/100] g0_b04_e04 b=0.888889 e=0.150000 tx=0.3519 gap=0.6698 init=230.36s stop=max_time
[56/100] g0_b04_e05 b=0.888889 e=0.180000 tx=0.1855 gap=0.6986 init=230.67s stop=max_time
[57/100] g0_b04_e06 b=0.888889 e=0.210000 tx=0.1855 gap=0.6931 init=255.01s stop=max_time
[58/100] g0_b04_e07 b=0.888889 e=0.240000 tx=0.1398 gap=0.7388 init=249.67s stop=max_time
[59/100] g0_b04_e09 b=0.888889 e=0.300000 tx=0.02679 gap=0.7571 init=256.37s stop=max_time
[60/100] g0_b04_e08 b=0.888889 e=0.270000 tx=0.1295 gap=0.7754 init=258.31s stop=max_time
[61/100] g0_b03_e01 b=0.666667 e=0.060000 tx=1.309 gap=0.5365 init=3171.09s stop=max_time
[62/100] g0_b03_e00 b=0.666667 e=0.030000 tx=1.288 gap=0.5135 init=3172.87s stop=max_time
[63/100] g0_b03_e03 b=0.666667 e=0.120000 tx=0.9291 gap=0.6127 init=236.00s stop=max_time
[64/100] g0_b03_e02 b=0.666667 e=0.090000 tx=0.9254 gap=0.5706 init=239.02s stop=max_time
[65/100] g0_b03_e04 b=0.666667 e=0.150000 tx=0.8728 gap=0.6155 init=241.92s stop=max_time
[66/100] g0_b03_e05 b=0.666667 e=0.180000 tx=0.8591 gap=0.6562 init=246.62s stop=max_time
[67/100] g0_b03_e06 b=0.666667 e=0.210000 tx=0.8484 gap=0.5985 init=147.03s stop=max_time
[68/100] g0_b03_e07 b=0.666667 e=0.240000 tx=0.8464 gap=0.5656 init=145.31s stop=max_time
[69/100] g0_b03_e09 b=0.666667 e=0.300000 tx=0.461 gap=0.8592 init=307.87s stop=max_time
[70/100] g0_b03_e08 b=0.666667 e=0.270000 tx=0.6648 gap=0.846 init=309.36s stop=max_time
[71/100] g0_b02_e00 b=0.444444 e=0.030000 tx=2.561 gap=0.05987 init=1049.70s stop=max_time
[72/100] g0_b02_e01 b=0.444444 e=0.060000 tx=2.576 gap=0.09914 init=1053.54s stop=max_time
[73/100] g0_b02_e02 b=0.444444 e=0.090000 tx=2.592 gap=0.171 init=104.09s stop=max_time
[74/100] g0_b02_e03 b=0.444444 e=0.120000 tx=2.607 gap=0.2395 init=102.88s stop=max_time
[75/100] g0_b02_e04 b=0.444444 e=0.150000 tx=2.624 gap=0.3107 init=101.33s stop=max_time
[76/100] g0_b02_e05 b=0.444444 e=0.180000 tx=2.641 gap=0.3637 init=103.24s stop=max_time
[77/100] g0_b02_e06 b=0.444444 e=0.210000 tx=2.658 gap=0.3912 init=105.27s stop=max_time
[78/100] g0_b02_e07 b=0.444444 e=0.240000 tx=2.634 gap=0.4427 init=104.21s stop=max_time
[79/100] g0_b02_e09 b=0.444444 e=0.300000 tx=2.06 gap=0.607 init=110.05s stop=max_time
[80/100] g0_b02_e08 b=0.444444 e=0.270000 tx=2.624 gap=0.5312 init=112.38s stop=max_time
[81/100] g0_b01_e01 b=0.222222 e=0.060000 tx=2.576 gap=0.2496 init=4128.73s stop=max_time
[82/100] g0_b01_e00 b=0.222222 e=0.030000 tx=2.561 gap=0.01093 init=5159.46s stop=precision
[83/100] g0_b01_e02 b=0.222222 e=0.090000 tx=2.592 gap=0.01088 init=67.53s stop=precision
[84/100] g0_b01_e03 b=0.222222 e=0.120000 tx=2.607 gap=0.01128 init=70.94s stop=max_time
[85/100] g0_b01_e04 b=0.222222 e=0.150000 tx=2.624 gap=0.02809 init=72.34s stop=max_time
[86/100] g0_b01_e05 b=0.222222 e=0.180000 tx=2.641 gap=0.04893 init=73.18s stop=max_time
[87/100] g0_b01_e06 b=0.222222 e=0.210000 tx=2.658 gap=0.0795 init=73.94s stop=max_time
[88/100] g0_b01_e07 b=0.222222 e=0.240000 tx=3.308 gap=0.1367 init=78.75s stop=max_time
[89/100] g0_b01_e08 b=0.222222 e=0.270000 tx=3.351 gap=0.1658 init=73.32s stop=max_time
[90/100] g0_b00_e00 b=0.000000 e=0.030000 tx=7.349 gap=0.01029 init=74.35s stop=precision
[91/100] g0_b00_e01 b=0.000000 e=0.060000 tx=8.257 gap=0.00986 init=77.12s stop=precision
[92/100] g0_b00_e02 b=0.000000 e=0.090000 tx=6.523 gap=0.01032 init=75.61s stop=precision
[93/100] g0_b00_e03 b=0.000000 e=0.120000 tx=3.59 gap=0.01082 init=79.51s stop=precision
[94/100] g0_b00_e04 b=0.000000 e=0.150000 tx=7.777 gap=0.01091 init=79.54s stop=precision
[95/100] g0_b01_e09 b=0.222222 e=0.300000 tx=3.394 gap=0.1747 init=77.31s stop=max_time
[96/100] g0_b00_e05 b=0.000000 e=0.180000 tx=9 gap=0.01045 init=81.81s stop=precision
[97/100] g0_b00_e06 b=0.000000 e=0.210000 tx=8.999 gap=0.01075 init=67.79s stop=precision
[98/100] g0_b00_e07 b=0.000000 e=0.240000 tx=9 gap=0.01087 init=67.66s stop=precision
[99/100] g0_b00_e08 b=0.000000 e=0.270000 tx=9 gap=0.01108 init=70.75s stop=precision
[100/100] g0_b00_e09 b=0.000000 e=0.300000 tx=8.999 gap=0.01093 init=72.28s stop=precision
